<?xml version="1.0" encoding="UTF-8"?>
<!-- Generated by org.testng.reporters.JUnitXMLReporter -->
<testsuite ignored="0" hostname="Ameet" failures="0" tests="21" name="Test" time="68.763" errors="0" timestamp="2024-08-29T13:20:01 IST">
  <testcase classname="testcases.radiology_testcase" name="@BeforeClass initBrowser" time="0.041">
    <failure type="java.lang.NullPointerException" message="Cannot invoke &amp;quot;java.util.Map.get(Object)&amp;quot; because &amp;quot;this.configData&amp;quot; is null">
      <![CDATA[java.lang.NullPointerException: Cannot invoke "java.util.Map.get(Object)" because "this.configData" is null
at testcases.radiology_testcase.initBrowser(radiology_testcase.java:37)
at java.base/java.util.concurrent.ThreadPoolExecutor.runWorker(ThreadPoolExecutor.java:1136)
at java.base/java.util.concurrent.ThreadPoolExecutor$Worker.run(ThreadPoolExecutor.java:635)
at java.base/java.lang.Thread.run(Thread.java:833)
... Removed 10 stack frames]]>
    </failure>
  </testcase> <!-- @BeforeClass initBrowser -->
  <testcase classname="testcases.radiology_testcase" name="@AfterClass tearDown" time="0.001">
    <failure type="java.lang.NullPointerException" message="Cannot invoke &amp;quot;org.openqa.selenium.WebDriver.quit()&amp;quot; because &amp;quot;this.driver&amp;quot; is null">
      <![CDATA[java.lang.NullPointerException: Cannot invoke "org.openqa.selenium.WebDriver.quit()" because "this.driver" is null
at coreUtilities.testbase.TestBase.browserTearDown(TestBase.java:111)
at testcases.radiology_testcase.tearDown(radiology_testcase.java:370)
at java.base/java.util.concurrent.ThreadPoolExecutor.runWorker(ThreadPoolExecutor.java:1136)
at java.base/java.util.concurrent.ThreadPoolExecutor$Worker.run(ThreadPoolExecutor.java:635)
at java.base/java.lang.Thread.run(Thread.java:833)
... Removed 11 stack frames]]>
    </failure>
  </testcase> <!-- @AfterClass tearDown -->
  <testcase classname="testcases.radiology_testcase" name="verifyRadiologyModule" time="0.001">
    <skipped/>
  </testcase> <!-- verifyRadiologyModule -->
  <testcase classname="testcases.radiology_testcase" name="verifyRadiologySubModules" time="0.0">
    <skipped/>
  </testcase> <!-- verifyRadiologySubModules -->
  <testcase classname="testcases.radiology_testcase" name="verifyUrlOfTheRadiologyModule" time="0.0">
    <skipped/>
  </testcase> <!-- verifyUrlOfTheRadiologyModule -->
  <testcase classname="testcases.radiology_testcase" name="verifyListRequestsComponents" time="0.0">
    <skipped/>
  </testcase> <!-- verifyListRequestsComponents -->
  <testcase classname="testcases.radiology_testcase" name="verifyNavigationToAnotherSubModuleAfterOpeningTheListRequestsSection" time="0.0">
    <skipped/>
  </testcase> <!-- verifyNavigationToAnotherSubModuleAfterOpeningTheListRequestsSection -->
  <testcase classname="testcases.radiology_testcase" name="performScrollOperation" time="0.0">
    <skipped/>
  </testcase> <!-- performScrollOperation -->
  <testcase classname="testcases.radiology_testcase" name="verifyToolTipText" time="0.0">
    <skipped/>
  </testcase> <!-- verifyToolTipText -->
  <testcase classname="testcases.radiology_testcase" name="verifyDatesAreRemeberedCorrectly" time="0.0">
    <skipped/>
  </testcase> <!-- verifyDatesAreRemeberedCorrectly -->
  <testcase classname="testcases.radiology_testcase" name="verifyToDataRangeBySelectOneWeekOptionFromDropdown" time="0.0">
    <skipped/>
  </testcase> <!-- verifyToDataRangeBySelectOneWeekOptionFromDropdown -->
  <testcase classname="testcases.radiology_testcase" name="verifyDataFromTabelByEnteringDataXRAYInSearchField" time="0.0">
    <skipped/>
  </testcase> <!-- verifyDataFromTabelByEnteringDataXRAYInSearchField -->
  <testcase classname="testcases.radiology_testcase" name="verifyRadiologyWardBillingCancellationPopup" time="0.0">
    <skipped/>
  </testcase> <!-- verifyRadiologyWardBillingCancellationPopup -->
  <testcase classname="testcases.radiology_testcase" name="verifyDataFromTabelByEnteringDataInSearchField" time="0.0">
    <skipped/>
  </testcase> <!-- verifyDataFromTabelByEnteringDataInSearchField -->
  <testcase classname="testcases.radiology_testcase" name="verifyCreationOfListRequest" time="0.0">
    <skipped/>
  </testcase> <!-- verifyCreationOfListRequest -->
  <testcase classname="testcases.radiology_testcase" name="verifyCancelationWhileCreatingListRequest" time="0.0">
    <skipped/>
  </testcase> <!-- verifyCancelationWhileCreatingListRequest -->
  <testcase classname="testcases.radiology_testcase" name="verifyScanDonePopupAndRequiredFieldMessage" time="0.001">
    <skipped/>
  </testcase> <!-- verifyScanDonePopupAndRequiredFieldMessage -->
  <testcase classname="testcases.radiology_testcase" name="verifyScanDetailUpdatedSuccessPopup" time="0.003">
    <skipped/>
  </testcase> <!-- verifyScanDetailUpdatedSuccessPopup -->
  <testcase classname="testcases.radiology_testcase" name="verifyAlertMessageOnClosingWithoutSaving" time="0.0">
    <skipped/>
  </testcase> <!-- verifyAlertMessageOnClosingWithoutSaving -->
  <testcase classname="testcases.radiology_testcase" name="verifyAddReportFunctionalityAndSuccessMessage" time="0.0">
    <skipped/>
  </testcase> <!-- verifyAddReportFunctionalityAndSuccessMessage -->
  <testcase classname="testcases.radiology_testcase" name="verifyEditReportAndRequiredTextMessage" time="0.0">
    <skipped/>
  </testcase> <!-- verifyEditReportAndRequiredTextMessage -->
  <testcase classname="testcases.radiology_testcase" name="takingScreenshotOfCurrentPage" time="0.0">
    <skipped/>
  </testcase> <!-- takingScreenshotOfCurrentPage -->
  <testcase classname="testcases.radiology_testcase" name="verifyNextButtonFunctionality" time="0.0">
    <skipped/>
  </testcase> <!-- verifyNextButtonFunctionality -->
</testsuite> <!-- Test -->
